Received data from the user learning_rate=0.001, epochs=1, batch_size=32
_________________________________________________________________
Layer (type)                 Output Shape              Param #   
=================================================================
conv2d_1 (Conv2D)            (None, 32, 32, 32)        896       
_________________________________________________________________
dropout_1 (Dropout)          (None, 32, 32, 32)        0         
_________________________________________________________________
conv2d_2 (Conv2D)            (None, 32, 32, 32)        9248      
_________________________________________________________________
max_pooling2d_1 (MaxPooling2 (None, 16, 16, 32)        0         
_________________________________________________________________
flatten_1 (Flatten)          (None, 8192)              0         
_________________________________________________________________
dense_1 (Dense)              (None, 512)               4194816   
_________________________________________________________________
dropout_2 (Dropout)          (None, 512)               0         
_________________________________________________________________
dense_2 (Dense)              (None, 10)                5130      
=================================================================
Total params: 4,210,090
Trainable params: 4,210,090
Non-trainable params: 0
_________________________________________________________________
None
Train on 50000 samples, validate on 10000 samples
Epoch 1/1

   32/50000 [..............................] - ETA: 2:06:42 - loss: 2.4126 - acc: 0.0625
  192/50000 [..............................] - ETA: 21:17 - loss: 2.3673 - acc: 0.0938  
  352/50000 [..............................] - ETA: 11:42 - loss: 2.3503 - acc: 0.1165
  512/50000 [..............................] - ETA: 8:06 - loss: 2.3479 - acc: 0.1211 
  672/50000 [..............................] - ETA: 6:13 - loss: 2.3308 - acc: 0.1295
  832/50000 [..............................] - ETA: 5:03 - loss: 2.3258 - acc: 0.1226
  992/50000 [..............................] - ETA: 4:16 - loss: 2.3276 - acc: 0.1230
 1184/50000 [..............................] - ETA: 3:36 - loss: 2.3178 - acc: 0.1250
 1376/50000 [..............................] - ETA: 3:07 - loss: 2.3122 - acc: 0.1243
 1568/50000 [..............................] - ETA: 2:45 - loss: 2.3086 - acc: 0.1244
 1760/50000 [>.............................] - ETA: 2:28 - loss: 2.2995 - acc: 0.1324
 1952/50000 [>.............................] - ETA: 2:14 - loss: 2.2944 - acc: 0.1342
 2144/50000 [>.............................] - ETA: 2:03 - loss: 2.2869 - acc: 0.1404
 2336/50000 [>.............................] - ETA: 1:53 - loss: 2.2830 - acc: 0.1391
 2528/50000 [>.............................] - ETA: 1:45 - loss: 2.2782 - acc: 0.1412
 2720/50000 [>.............................] - ETA: 1:38 - loss: 2.2737 - acc: 0.1412
 2912/50000 [>.............................] - ETA: 1:32 - loss: 2.2688 - acc: 0.1446
 3104/50000 [>.............................] - ETA: 1:27 - loss: 2.2647 - acc: 0.1469
 3296/50000 [>.............................] - ETA: 1:22 - loss: 2.2596 - acc: 0.1487
 3488/50000 [=>............................] - ETA: 1:18 - loss: 2.2560 - acc: 0.1502
 3680/50000 [=>............................] - ETA: 1:15 - loss: 2.2511 - acc: 0.1538
 3872/50000 [=>............................] - ETA: 1:11 - loss: 2.2477 - acc: 0.1544
 4064/50000 [=>............................] - ETA: 1:08 - loss: 2.2443 - acc: 0.1548
 4256/50000 [=>............................] - ETA: 1:05 - loss: 2.2403 - acc: 0.1581
 4448/50000 [=>............................] - ETA: 1:03 - loss: 2.2383 - acc: 0.1585
 4640/50000 [=>............................] - ETA: 1:00 - loss: 2.2332 - acc: 0.1599
 4832/50000 [=>............................] - ETA: 58s - loss: 2.2296 - acc: 0.1623 
 5024/50000 [==>...........................] - ETA: 56s - loss: 2.2250 - acc: 0.1644
 5216/50000 [==>...........................] - ETA: 54s - loss: 2.2218 - acc: 0.1647
 5408/50000 [==>...........................] - ETA: 53s - loss: 2.2174 - acc: 0.1668
 5600/50000 [==>...........................] - ETA: 51s - loss: 2.2123 - acc: 0.1696
 5792/50000 [==>...........................] - ETA: 49s - loss: 2.2093 - acc: 0.1704
 5984/50000 [==>...........................] - ETA: 48s - loss: 2.2063 - acc: 0.1715
 6176/50000 [==>...........................] - ETA: 47s - loss: 2.2025 - acc: 0.1739
 6368/50000 [==>...........................] - ETA: 45s - loss: 2.2006 - acc: 0.1749
 6560/50000 [==>...........................] - ETA: 44s - loss: 2.1974 - acc: 0.1753
 6752/50000 [===>..........................] - ETA: 43s - loss: 2.1921 - acc: 0.1780
 6944/50000 [===>..........................] - ETA: 42s - loss: 2.1886 - acc: 0.1791
 7136/50000 [===>..........................] - ETA: 41s - loss: 2.1840 - acc: 0.1818
 7328/50000 [===>..........................] - ETA: 40s - loss: 2.1826 - acc: 0.1831
 7520/50000 [===>..........................] - ETA: 39s - loss: 2.1789 - acc: 0.1836
 7712/50000 [===>..........................] - ETA: 38s - loss: 2.1760 - acc: 0.1848
 7904/50000 [===>..........................] - ETA: 37s - loss: 2.1734 - acc: 0.1860
 8096/50000 [===>..........................] - ETA: 37s - loss: 2.1708 - acc: 0.1863
 8288/50000 [===>..........................] - ETA: 36s - loss: 2.1660 - acc: 0.1880
 8480/50000 [====>.........................] - ETA: 35s - loss: 2.1637 - acc: 0.1906
 8672/50000 [====>.........................] - ETA: 34s - loss: 2.1611 - acc: 0.1925
 8864/50000 [====>.........................] - ETA: 34s - loss: 2.1587 - acc: 0.1930
 9056/50000 [====>.........................] - ETA: 33s - loss: 2.1550 - acc: 0.1950
 9248/50000 [====>.........................] - ETA: 32s - loss: 2.1525 - acc: 0.1964
 9440/50000 [====>.........................] - ETA: 32s - loss: 2.1507 - acc: 0.1977
 9632/50000 [====>.........................] - ETA: 31s - loss: 2.1475 - acc: 0.1989
 9824/50000 [====>.........................] - ETA: 31s - loss: 2.1443 - acc: 0.2004
10016/50000 [=====>........................] - ETA: 30s - loss: 2.1394 - acc: 0.2032
10208/50000 [=====>........................] - ETA: 30s - loss: 2.1355 - acc: 0.2053
10400/50000 [=====>........................] - ETA: 29s - loss: 2.1342 - acc: 0.2062
10592/50000 [=====>........................] - ETA: 29s - loss: 2.1315 - acc: 0.2071
10784/50000 [=====>........................] - ETA: 28s - loss: 2.1286 - acc: 0.2083
10976/50000 [=====>........................] - ETA: 28s - loss: 2.1274 - acc: 0.2089
11168/50000 [=====>........................] - ETA: 27s - loss: 2.1257 - acc: 0.2096
11360/50000 [=====>........................] - ETA: 27s - loss: 2.1222 - acc: 0.2113
11552/50000 [=====>........................] - ETA: 26s - loss: 2.1201 - acc: 0.2124
11744/50000 [======>.......................] - ETA: 26s - loss: 2.1184 - acc: 0.2133
11936/50000 [======>.......................] - ETA: 26s - loss: 2.1157 - acc: 0.2145
12128/50000 [======>.......................] - ETA: 25s - loss: 2.1146 - acc: 0.2149
12320/50000 [======>.......................] - ETA: 25s - loss: 2.1117 - acc: 0.2159
12512/50000 [======>.......................] - ETA: 25s - loss: 2.1104 - acc: 0.2165
12704/50000 [======>.......................] - ETA: 24s - loss: 2.1085 - acc: 0.2173
12896/50000 [======>.......................] - ETA: 24s - loss: 2.1079 - acc: 0.2182
13088/50000 [======>.......................] - ETA: 24s - loss: 2.1063 - acc: 0.2189
13280/50000 [======>.......................] - ETA: 23s - loss: 2.1046 - acc: 0.2194
13472/50000 [=======>......................] - ETA: 23s - loss: 2.1033 - acc: 0.2205
13664/50000 [=======>......................] - ETA: 23s - loss: 2.1000 - acc: 0.2222
13856/50000 [=======>......................] - ETA: 22s - loss: 2.0982 - acc: 0.2231
14048/50000 [=======>......................] - ETA: 22s - loss: 2.0947 - acc: 0.2247
14240/50000 [=======>......................] - ETA: 22s - loss: 2.0917 - acc: 0.2263
14432/50000 [=======>......................] - ETA: 21s - loss: 2.0905 - acc: 0.2275
14624/50000 [=======>......................] - ETA: 21s - loss: 2.0899 - acc: 0.2280
14816/50000 [=======>......................] - ETA: 21s - loss: 2.0880 - acc: 0.2290
15008/50000 [========>.....................] - ETA: 21s - loss: 2.0861 - acc: 0.2299
15200/50000 [========>.....................] - ETA: 20s - loss: 2.0849 - acc: 0.2310
15392/50000 [========>.....................] - ETA: 20s - loss: 2.0831 - acc: 0.2314
15584/50000 [========>.....................] - ETA: 20s - loss: 2.0809 - acc: 0.2328
15776/50000 [========>.....................] - ETA: 20s - loss: 2.0784 - acc: 0.2340
15968/50000 [========>.....................] - ETA: 19s - loss: 2.0765 - acc: 0.2352
16160/50000 [========>.....................] - ETA: 19s - loss: 2.0753 - acc: 0.2360
16352/50000 [========>.....................] - ETA: 19s - loss: 2.0752 - acc: 0.2363
16544/50000 [========>.....................] - ETA: 19s - loss: 2.0737 - acc: 0.2368
16736/50000 [=========>....................] - ETA: 18s - loss: 2.0728 - acc: 0.2369
16928/50000 [=========>....................] - ETA: 18s - loss: 2.0705 - acc: 0.2377
17120/50000 [=========>....................] - ETA: 18s - loss: 2.0688 - acc: 0.2386
17312/50000 [=========>....................] - ETA: 18s - loss: 2.0678 - acc: 0.2391
17504/50000 [=========>....................] - ETA: 18s - loss: 2.0663 - acc: 0.2397
17696/50000 [=========>....................] - ETA: 17s - loss: 2.0665 - acc: 0.2395
17888/50000 [=========>....................] - ETA: 17s - loss: 2.0652 - acc: 0.2399
18080/50000 [=========>....................] - ETA: 17s - loss: 2.0645 - acc: 0.2399
18272/50000 [=========>....................] - ETA: 17s - loss: 2.0626 - acc: 0.2412
18464/50000 [==========>...................] - ETA: 17s - loss: 2.0614 - acc: 0.2421
18656/50000 [==========>...................] - ETA: 16s - loss: 2.0604 - acc: 0.2432
18848/50000 [==========>...................] - ETA: 16s - loss: 2.0583 - acc: 0.2444
19040/50000 [==========>...................] - ETA: 16s - loss: 2.0574 - acc: 0.2447
19232/50000 [==========>...................] - ETA: 16s - loss: 2.0557 - acc: 0.2455
19424/50000 [==========>...................] - ETA: 16s - loss: 2.0541 - acc: 0.2466
19616/50000 [==========>...................] - ETA: 15s - loss: 2.0535 - acc: 0.2470
19808/50000 [==========>...................] - ETA: 15s - loss: 2.0521 - acc: 0.2477
20000/50000 [===========>..................] - ETA: 15s - loss: 2.0509 - acc: 0.2480
20192/50000 [===========>..................] - ETA: 15s - loss: 2.0494 - acc: 0.2486
20384/50000 [===========>..................] - ETA: 15s - loss: 2.0479 - acc: 0.2492
20576/50000 [===========>..................] - ETA: 15s - loss: 2.0473 - acc: 0.2500
20768/50000 [===========>..................] - ETA: 14s - loss: 2.0462 - acc: 0.2505
20960/50000 [===========>..................] - ETA: 14s - loss: 2.0446 - acc: 0.2512
21152/50000 [===========>..................] - ETA: 14s - loss: 2.0438 - acc: 0.2515
21344/50000 [===========>..................] - ETA: 14s - loss: 2.0421 - acc: 0.2525
21536/50000 [===========>..................] - ETA: 14s - loss: 2.0404 - acc: 0.2534
21728/50000 [============>.................] - ETA: 14s - loss: 2.0396 - acc: 0.2541
21920/50000 [============>.................] - ETA: 13s - loss: 2.0385 - acc: 0.2545
22112/50000 [============>.................] - ETA: 13s - loss: 2.0373 - acc: 0.2552
22304/50000 [============>.................] - ETA: 13s - loss: 2.0359 - acc: 0.2555
22496/50000 [============>.................] - ETA: 13s - loss: 2.0339 - acc: 0.2565
22688/50000 [============>.................] - ETA: 13s - loss: 2.0324 - acc: 0.2571
22880/50000 [============>.................] - ETA: 13s - loss: 2.0308 - acc: 0.2577
23072/50000 [============>.................] - ETA: 13s - loss: 2.0300 - acc: 0.2578
23264/50000 [============>.................] - ETA: 12s - loss: 2.0288 - acc: 0.2584
23456/50000 [=============>................] - ETA: 12s - loss: 2.0282 - acc: 0.2592
23648/50000 [=============>................] - ETA: 12s - loss: 2.0267 - acc: 0.2599
23840/50000 [=============>................] - ETA: 12s - loss: 2.0255 - acc: 0.2604
24032/50000 [=============>................] - ETA: 12s - loss: 2.0243 - acc: 0.2609
24224/50000 [=============>................] - ETA: 12s - loss: 2.0235 - acc: 0.2616
24416/50000 [=============>................] - ETA: 12s - loss: 2.0225 - acc: 0.2621
24608/50000 [=============>................] - ETA: 12s - loss: 2.0206 - acc: 0.2629
24800/50000 [=============>................] - ETA: 11s - loss: 2.0190 - acc: 0.2640
24992/50000 [=============>................] - ETA: 11s - loss: 2.0176 - acc: 0.2648
25184/50000 [==============>...............] - ETA: 11s - loss: 2.0165 - acc: 0.2653
25376/50000 [==============>...............] - ETA: 11s - loss: 2.0150 - acc: 0.2660
25568/50000 [==============>...............] - ETA: 11s - loss: 2.0134 - acc: 0.2663
25760/50000 [==============>...............] - ETA: 11s - loss: 2.0123 - acc: 0.2668
25952/50000 [==============>...............] - ETA: 11s - loss: 2.0117 - acc: 0.2666
26144/50000 [==============>...............] - ETA: 11s - loss: 2.0107 - acc: 0.2666
26336/50000 [==============>...............] - ETA: 10s - loss: 2.0108 - acc: 0.2667
26528/50000 [==============>...............] - ETA: 10s - loss: 2.0097 - acc: 0.2671
26720/50000 [===============>..............] - ETA: 10s - loss: 2.0082 - acc: 0.2678
26912/50000 [===============>..............] - ETA: 10s - loss: 2.0072 - acc: 0.2684
27104/50000 [===============>..............] - ETA: 10s - loss: 2.0060 - acc: 0.2694
27296/50000 [===============>..............] - ETA: 10s - loss: 2.0049 - acc: 0.2700
27488/50000 [===============>..............] - ETA: 10s - loss: 2.0047 - acc: 0.2702
27680/50000 [===============>..............] - ETA: 10s - loss: 2.0035 - acc: 0.2708
27872/50000 [===============>..............] - ETA: 9s - loss: 2.0028 - acc: 0.2710 
28064/50000 [===============>..............] - ETA: 9s - loss: 2.0021 - acc: 0.2711
28256/50000 [===============>..............] - ETA: 9s - loss: 2.0016 - acc: 0.2714
28448/50000 [================>.............] - ETA: 9s - loss: 2.0012 - acc: 0.2713
28640/50000 [================>.............] - ETA: 9s - loss: 2.0006 - acc: 0.2717
28832/50000 [================>.............] - ETA: 9s - loss: 1.9998 - acc: 0.2723
29024/50000 [================>.............] - ETA: 9s - loss: 1.9996 - acc: 0.2725
29216/50000 [================>.............] - ETA: 9s - loss: 1.9981 - acc: 0.2730
29408/50000 [================>.............] - ETA: 9s - loss: 1.9974 - acc: 0.2732
29600/50000 [================>.............] - ETA: 8s - loss: 1.9963 - acc: 0.2738
29792/50000 [================>.............] - ETA: 8s - loss: 1.9952 - acc: 0.2743
29984/50000 [================>.............] - ETA: 8s - loss: 1.9941 - acc: 0.2749
30176/50000 [=================>............] - ETA: 8s - loss: 1.9927 - acc: 0.2757
30368/50000 [=================>............] - ETA: 8s - loss: 1.9921 - acc: 0.2757
30560/50000 [=================>............] - ETA: 8s - loss: 1.9915 - acc: 0.2760
30752/50000 [=================>............] - ETA: 8s - loss: 1.9903 - acc: 0.2767
30944/50000 [=================>............] - ETA: 8s - loss: 1.9897 - acc: 0.2771
31136/50000 [=================>............] - ETA: 8s - loss: 1.9885 - acc: 0.2778
31328/50000 [=================>............] - ETA: 8s - loss: 1.9889 - acc: 0.2778
31520/50000 [=================>............] - ETA: 7s - loss: 1.9884 - acc: 0.2781
31712/50000 [==================>...........] - ETA: 7s - loss: 1.9875 - acc: 0.2786
31904/50000 [==================>...........] - ETA: 7s - loss: 1.9868 - acc: 0.2791
32096/50000 [==================>...........] - ETA: 7s - loss: 1.9859 - acc: 0.2793
32288/50000 [==================>...........] - ETA: 7s - loss: 1.9851 - acc: 0.2798
32480/50000 [==================>...........] - ETA: 7s - loss: 1.9842 - acc: 0.2802
32672/50000 [==================>...........] - ETA: 7s - loss: 1.9839 - acc: 0.2804
32864/50000 [==================>...........] - ETA: 7s - loss: 1.9834 - acc: 0.2806
33056/50000 [==================>...........] - ETA: 7s - loss: 1.9825 - acc: 0.2812
33248/50000 [==================>...........] - ETA: 7s - loss: 1.9816 - acc: 0.2818
33440/50000 [===================>..........] - ETA: 6s - loss: 1.9814 - acc: 0.2816
33632/50000 [===================>..........] - ETA: 6s - loss: 1.9801 - acc: 0.2825
33824/50000 [===================>..........] - ETA: 6s - loss: 1.9791 - acc: 0.2830
34016/50000 [===================>..........] - ETA: 6s - loss: 1.9785 - acc: 0.2834
34208/50000 [===================>..........] - ETA: 6s - loss: 1.9773 - acc: 0.2839
34400/50000 [===================>..........] - ETA: 6s - loss: 1.9765 - acc: 0.2843
34592/50000 [===================>..........] - ETA: 6s - loss: 1.9756 - acc: 0.2849
34784/50000 [===================>..........] - ETA: 6s - loss: 1.9751 - acc: 0.2850
34976/50000 [===================>..........] - ETA: 6s - loss: 1.9740 - acc: 0.2855
35168/50000 [====================>.........] - ETA: 6s - loss: 1.9730 - acc: 0.2860
35360/50000 [====================>.........] - ETA: 6s - loss: 1.9726 - acc: 0.2861
35552/50000 [====================>.........] - ETA: 5s - loss: 1.9719 - acc: 0.2861
35744/50000 [====================>.........] - ETA: 5s - loss: 1.9712 - acc: 0.2867
35936/50000 [====================>.........] - ETA: 5s - loss: 1.9703 - acc: 0.2869
36128/50000 [====================>.........] - ETA: 5s - loss: 1.9695 - acc: 0.2874
36320/50000 [====================>.........] - ETA: 5s - loss: 1.9693 - acc: 0.2875
36512/50000 [====================>.........] - ETA: 5s - loss: 1.9683 - acc: 0.2879
36704/50000 [=====================>........] - ETA: 5s - loss: 1.9679 - acc: 0.2881
36896/50000 [=====================>........] - ETA: 5s - loss: 1.9678 - acc: 0.2883
37088/50000 [=====================>........] - ETA: 5s - loss: 1.9674 - acc: 0.2886
37280/50000 [=====================>........] - ETA: 5s - loss: 1.9669 - acc: 0.2887
37472/50000 [=====================>........] - ETA: 5s - loss: 1.9668 - acc: 0.2887
37664/50000 [=====================>........] - ETA: 4s - loss: 1.9659 - acc: 0.2892
37856/50000 [=====================>........] - ETA: 4s - loss: 1.9649 - acc: 0.2899
38048/50000 [=====================>........] - ETA: 4s - loss: 1.9645 - acc: 0.2901
38240/50000 [=====================>........] - ETA: 4s - loss: 1.9638 - acc: 0.2906
38432/50000 [======================>.......] - ETA: 4s - loss: 1.9634 - acc: 0.2906
38624/50000 [======================>.......] - ETA: 4s - loss: 1.9633 - acc: 0.2908
38816/50000 [======================>.......] - ETA: 4s - loss: 1.9627 - acc: 0.2910
39008/50000 [======================>.......] - ETA: 4s - loss: 1.9626 - acc: 0.2908
39200/50000 [======================>.......] - ETA: 4s - loss: 1.9617 - acc: 0.2913
39392/50000 [======================>.......] - ETA: 4s - loss: 1.9611 - acc: 0.2918
39584/50000 [======================>.......] - ETA: 4s - loss: 1.9603 - acc: 0.2924
39776/50000 [======================>.......] - ETA: 4s - loss: 1.9598 - acc: 0.2927
39968/50000 [======================>.......] - ETA: 3s - loss: 1.9595 - acc: 0.2929
40160/50000 [=======================>......] - ETA: 3s - loss: 1.9589 - acc: 0.2931
40352/50000 [=======================>......] - ETA: 3s - loss: 1.9582 - acc: 0.2932
40544/50000 [=======================>......] - ETA: 3s - loss: 1.9571 - acc: 0.2937
40736/50000 [=======================>......] - ETA: 3s - loss: 1.9565 - acc: 0.2939
40928/50000 [=======================>......] - ETA: 3s - loss: 1.9556 - acc: 0.2944
41120/50000 [=======================>......] - ETA: 3s - loss: 1.9549 - acc: 0.2946
41312/50000 [=======================>......] - ETA: 3s - loss: 1.9547 - acc: 0.2949
41504/50000 [=======================>......] - ETA: 3s - loss: 1.9541 - acc: 0.2951
41696/50000 [========================>.....] - ETA: 3s - loss: 1.9535 - acc: 0.2955
41888/50000 [========================>.....] - ETA: 3s - loss: 1.9531 - acc: 0.2956
42080/50000 [========================>.....] - ETA: 3s - loss: 1.9524 - acc: 0.2960
42272/50000 [========================>.....] - ETA: 3s - loss: 1.9519 - acc: 0.2962
42464/50000 [========================>.....] - ETA: 2s - loss: 1.9514 - acc: 0.2965
42656/50000 [========================>.....] - ETA: 2s - loss: 1.9506 - acc: 0.2969
42848/50000 [========================>.....] - ETA: 2s - loss: 1.9497 - acc: 0.2973
43040/50000 [========================>.....] - ETA: 2s - loss: 1.9493 - acc: 0.2974
43232/50000 [========================>.....] - ETA: 2s - loss: 1.9487 - acc: 0.2975
43424/50000 [=========================>....] - ETA: 2s - loss: 1.9476 - acc: 0.2980
43616/50000 [=========================>....] - ETA: 2s - loss: 1.9469 - acc: 0.2981
43808/50000 [=========================>....] - ETA: 2s - loss: 1.9467 - acc: 0.2980
44000/50000 [=========================>....] - ETA: 2s - loss: 1.9464 - acc: 0.2985
44192/50000 [=========================>....] - ETA: 2s - loss: 1.9455 - acc: 0.2987
44384/50000 [=========================>....] - ETA: 2s - loss: 1.9447 - acc: 0.2988
44576/50000 [=========================>....] - ETA: 2s - loss: 1.9443 - acc: 0.2992
44768/50000 [=========================>....] - ETA: 2s - loss: 1.9433 - acc: 0.2995
44960/50000 [=========================>....] - ETA: 1s - loss: 1.9431 - acc: 0.2994
45152/50000 [==========================>...] - ETA: 1s - loss: 1.9429 - acc: 0.2995
45344/50000 [==========================>...] - ETA: 1s - loss: 1.9422 - acc: 0.2999
45536/50000 [==========================>...] - ETA: 1s - loss: 1.9416 - acc: 0.3002
45728/50000 [==========================>...] - ETA: 1s - loss: 1.9412 - acc: 0.3005
45920/50000 [==========================>...] - ETA: 1s - loss: 1.9406 - acc: 0.3010
46112/50000 [==========================>...] - ETA: 1s - loss: 1.9399 - acc: 0.3012
46304/50000 [==========================>...] - ETA: 1s - loss: 1.9392 - acc: 0.3015
46496/50000 [==========================>...] - ETA: 1s - loss: 1.9390 - acc: 0.3017
46688/50000 [===========================>..] - ETA: 1s - loss: 1.9387 - acc: 0.3018
46880/50000 [===========================>..] - ETA: 1s - loss: 1.9381 - acc: 0.3020
47072/50000 [===========================>..] - ETA: 1s - loss: 1.9377 - acc: 0.3021
47264/50000 [===========================>..] - ETA: 1s - loss: 1.9372 - acc: 0.3022
47456/50000 [===========================>..] - ETA: 0s - loss: 1.9369 - acc: 0.3025
47648/50000 [===========================>..] - ETA: 0s - loss: 1.9359 - acc: 0.3027
47840/50000 [===========================>..] - ETA: 0s - loss: 1.9350 - acc: 0.3033
48032/50000 [===========================>..] - ETA: 0s - loss: 1.9348 - acc: 0.3036
48224/50000 [===========================>..] - ETA: 0s - loss: 1.9343 - acc: 0.3038
48416/50000 [============================>.] - ETA: 0s - loss: 1.9333 - acc: 0.3042
48608/50000 [============================>.] - ETA: 0s - loss: 1.9329 - acc: 0.3044
48800/50000 [============================>.] - ETA: 0s - loss: 1.9322 - acc: 0.3046
48992/50000 [============================>.] - ETA: 0s - loss: 1.9315 - acc: 0.3050
49184/50000 [============================>.] - ETA: 0s - loss: 1.9309 - acc: 0.3052
49376/50000 [============================>.] - ETA: 0s - loss: 1.9299 - acc: 0.3056
49568/50000 [============================>.] - ETA: 0s - loss: 1.9294 - acc: 0.3059
49760/50000 [============================>.] - ETA: 0s - loss: 1.9290 - acc: 0.3061
49952/50000 [============================>.] - ETA: 0s - loss: 1.9286 - acc: 0.3063
50000/50000 [==============================] - 19s 385us/step - loss: 1.9284 - acc: 0.3063 - val_loss: 1.7507 - val_acc: 0.3952
Saved model to disk
